<?xml version="1.0" encoding="UTF-8"?>
<!-- Generated by org.testng.reporters.JUnitXMLReporter -->
<testsuite ignored="1" hostname="LAPTOP-IJTKHJ02" failures="0" tests="1" name="Default test(failed)" time="8.783" errors="0" timestamp="2025-01-11T22:41:33 IST">
  <testcase classname="testscripts.GoogleSearchTest" name="javasearch" time="5.702"/>
  <testcase classname="testscripts.GoogleSearchTest" name="seleniumsearch" time="0.0">
    <ignored/>
  </testcase> <!-- seleniumsearch -->
</testsuite> <!-- Default test(failed) -->
