<?xml version="1.0" encoding="UTF-8"?>
<!-- Generated by org.testng.reporters.JUnitXMLReporter -->
<testsuite ignored="3" hostname="LAPTOP-IJTKHJ02" failures="0" tests="6" name="Default test" time="7.418" errors="0" timestamp="2025-01-12T16:16:17 IST">
  <testcase classname="parallescripts.SampleOneTestt" name="testfour" time="2.7"/>
  <testcase classname="parallescripts.SampleOneTestt" name="testfour" time="2.7"/>
  <testcase classname="parallescripts.SampleOneTestt" name="testfour" time="2.261"/>
  <testcase classname="parallescripts.SampleOneTestt" name="testfour" time="2.49"/>
  <testcase classname="parallescripts.SampleOneTestt" name="testfour" time="2.039"/>
  <testcase classname="parallescripts.SampleOneTestt" name="testfour" time="2.161"/>
  <testcase classname="parallescripts.SampleOneTestt" name="testtwo" time="0.0">
    <ignored/>
  </testcase> <!-- testtwo -->
  <testcase classname="parallescripts.SampleOneTestt" name="testhree" time="0.0">
    <ignored/>
  </testcase> <!-- testhree -->
  <testcase classname="parallescripts.SampleOneTestt" name="testone" time="0.0">
    <ignored/>
  </testcase> <!-- testone -->
</testsuite> <!-- Default test -->
