<?xml version="1.0" encoding="UTF-8"?>
<!-- Generated by org.testng.reporters.JUnitXMLReporter -->
<testsuite ignored="0" hostname="LAPTOP-IJTKHJ02" failures="0" tests="4" name="ModuleTwoTest" time="8.247" errors="0" timestamp="2025-01-12T15:55:39 IST">
  <testcase classname="parallescripts.SampleThreeTest" name="testfour" time="2.502"/>
  <testcase classname="parallescripts.SampleThreeTest" name="testhree" time="2.178"/>
  <testcase classname="parallescripts.SampleThreeTest" name="testone" time="1.776"/>
  <testcase classname="parallescripts.SampleThreeTest" name="testtwo" time="1.713"/>
</testsuite> <!-- ModuleTwoTest -->
