<?xml version="1.0" encoding="UTF-8"?>
<!-- Generated by org.testng.reporters.JUnitXMLReporter -->
<testsuite ignored="0" hostname="LAPTOP-IJTKHJ02" failures="0" tests="8" name="ModuleOneTest" time="28.015" errors="0" timestamp="2025-01-12T15:55:58 IST">
  <testcase classname="parallescripts.SampleOneTestt" name="testfour" time="2.502"/>
  <testcase classname="parallescripts.SampleOneTestt" name="testhree" time="2.064"/>
  <testcase classname="parallescripts.SampleOneTestt" name="testone" time="1.851"/>
  <testcase classname="parallescripts.SampleOneTestt" name="testtwo" time="1.697"/>
  <testcase classname="parallescripts.SampleTwoTest" name="testfour" time="3.65"/>
  <testcase classname="parallescripts.SampleTwoTest" name="testhree" time="4.254"/>
  <testcase classname="parallescripts.SampleTwoTest" name="testone" time="5.535"/>
  <testcase classname="parallescripts.SampleTwoTest" name="testtwo" time="6.375"/>
</testsuite> <!-- ModuleOneTest -->
