<?xml version="1.0" encoding="UTF-8"?>
<!-- Generated by org.testng.reporters.JUnitXMLReporter -->
<testsuite ignored="0" hostname="LAPTOP-IJTKHJ02" failures="0" tests="4" name="Test" time="6.369" errors="0" timestamp="2025-01-12T15:48:56 IST">
  <testcase classname="parallescripts.SampleThreeTest" name="testfour" time="2.102"/>
  <testcase classname="parallescripts.SampleThreeTest" name="testhree" time="1.448"/>
  <testcase classname="parallescripts.SampleThreeTest" name="testone" time="1.4"/>
  <testcase classname="parallescripts.SampleThreeTest" name="testtwo" time="1.369"/>
</testsuite> <!-- Test -->
