<?xml version="1.0" encoding="UTF-8"?>
<testng-results ignored="0" total="1" passed="1" failed="0" skipped="0">
  <reporter-output>
  </reporter-output>
  <suite started-at="2025-01-06T16:38:36 IST" name="Default suite" finished-at="2025-01-06T16:38:43 IST" duration-ms="6565">
    <groups>
    </groups>
    <test started-at="2025-01-06T16:38:36 IST" name="Default test" finished-at="2025-01-06T16:38:43 IST" duration-ms="6565">
      <class name="testscripts.RelativeLoacatersTest">
        <test-method signature="f()[pri:0, instance:testscripts.RelativeLoacatersTest@3232a28a]" started-at="2025-01-06T16:38:36 IST" name="f" finished-at="2025-01-06T16:38:43 IST" duration-ms="6489" status="PASS">
          <reporter-output>
          </reporter-output>
        </test-method> <!-- f -->
      </class> <!-- testscripts.RelativeLoacatersTest -->
    </test> <!-- Default test -->
  </suite> <!-- Default suite -->
</testng-results>
