<?xml version="1.0" encoding="UTF-8"?>
<testng-results ignored="0" total="1" passed="1" failed="0" skipped="0">
  <reporter-output>
  </reporter-output>
  <suite started-at="2025-01-12T12:21:27 IST" name="Suite" finished-at="2025-01-12T12:21:39 IST" duration-ms="12257">
    <groups>
    </groups>
    <test started-at="2025-01-12T12:21:27 IST" name="Test" finished-at="2025-01-12T12:21:39 IST" duration-ms="12257">
      <class name="testscripts.ParametrizationTest">
        <test-method is-config="true" signature="setup(java.lang.String)[pri:0, instance:testscripts.ParametrizationTest@ffaa6af]" started-at="2025-01-12T12:21:27 IST" name="setup" finished-at="2025-01-12T12:21:33 IST" duration-ms="6489" status="PASS">
          <params>
            <param index="0">
              <value>
                <![CDATA[edge]]>
              </value>
            </param>
          </params>
          <reporter-output>
          </reporter-output>
        </test-method> <!-- setup -->
        <test-method signature="validLogin()[pri:0, instance:testscripts.ParametrizationTest@ffaa6af]" started-at="2025-01-12T12:21:33 IST" name="validLogin" finished-at="2025-01-12T12:21:39 IST" duration-ms="5732" status="PASS">
          <reporter-output>
          </reporter-output>
        </test-method> <!-- validLogin -->
      </class> <!-- testscripts.ParametrizationTest -->
    </test> <!-- Test -->
  </suite> <!-- Suite -->
</testng-results>
